2022-04-17 02:35:05.167  INFO 1516 --- [main] c.blogswebsite.BlogswebsiteApplication   : Starting BlogswebsiteApplication v0.0.1-SNAPSHOT using Java 15.0.2 on wuxingcong with PID 1516 (D:\IDEA\blogswebsite\target\springBootMybatis-0.0.1-SNAPSHOT.jar started by ASUS in D:\IDEA\blogswebsite\target)
2022-04-17 02:35:05.174  INFO 1516 --- [main] c.blogswebsite.BlogswebsiteApplication   : No active profile set, falling back to 1 default profile: "default"
2022-04-17 02:35:05.950  INFO 1516 --- [main] .s.d.r.c.RepositoryConfigurationDelegate : Multiple Spring Data modules found, entering strict repository configuration mode!
2022-04-17 02:35:05.953  INFO 1516 --- [main] .s.d.r.c.RepositoryConfigurationDelegate : Bootstrapping Spring Data Elasticsearch repositories in DEFAULT mode.
2022-04-17 02:35:05.977  INFO 1516 --- [main] .s.d.r.c.RepositoryConfigurationDelegate : Finished Spring Data repository scanning in 11 ms. Found 0 Elasticsearch repository interfaces.
2022-04-17 02:35:05.982  INFO 1516 --- [main] .s.d.r.c.RepositoryConfigurationDelegate : Multiple Spring Data modules found, entering strict repository configuration mode!
2022-04-17 02:35:05.983  INFO 1516 --- [main] .s.d.r.c.RepositoryConfigurationDelegate : Bootstrapping Spring Data Reactive Elasticsearch repositories in DEFAULT mode.
2022-04-17 02:35:05.987  INFO 1516 --- [main] .s.d.r.c.RepositoryConfigurationDelegate : Finished Spring Data repository scanning in 3 ms. Found 0 Reactive Elasticsearch repository interfaces.
2022-04-17 02:35:06.004  INFO 1516 --- [main] .s.d.r.c.RepositoryConfigurationDelegate : Multiple Spring Data modules found, entering strict repository configuration mode!
2022-04-17 02:35:06.006  INFO 1516 --- [main] .s.d.r.c.RepositoryConfigurationDelegate : Bootstrapping Spring Data Redis repositories in DEFAULT mode.
2022-04-17 02:35:06.027  INFO 1516 --- [main] .s.d.r.c.RepositoryConfigurationDelegate : Finished Spring Data repository scanning in 2 ms. Found 0 Redis repository interfaces.
2022-04-17 02:35:06.999  INFO 1516 --- [main] o.s.b.w.embedded.tomcat.TomcatWebServer  : Tomcat initialized with port(s): 8080 (http)
2022-04-17 02:35:07.012  INFO 1516 --- [main] o.apache.catalina.core.StandardService   : Starting service [Tomcat]
2022-04-17 02:35:07.013  INFO 1516 --- [main] org.apache.catalina.core.StandardEngine  : Starting Servlet engine: [Apache Tomcat/9.0.58]
2022-04-17 02:35:07.093  INFO 1516 --- [main] o.a.c.c.C.[.[localhost].[/blogWebsite]   : Initializing Spring embedded WebApplicationContext
2022-04-17 02:35:07.093  INFO 1516 --- [main] w.s.c.ServletWebServerApplicationContext : Root WebApplicationContext: initialization completed in 1859 ms
2022-04-17 02:35:08.384 ERROR 1516 --- [main] com.blogswebsite.util.SensitiveFilter    : 加载敏感词文件失败: class path resource [sensitive-words] cannot be resolved to absolute file path because it does not reside in the file system: jar:file:/D:/IDEA/blogswebsite/target/springBootMybatis-0.0.1-SNAPSHOT.jar!/BOOT-INF/classes!/sensitive-words
2022-04-17 02:35:09.176  INFO 1516 --- [main] o.a.k.clients.consumer.ConsumerConfig    : ConsumerConfig values: 
	allow.auto.create.topics = true
	auto.commit.interval.ms = 3000
	auto.offset.reset = latest
	bootstrap.servers = [kafka-server:9092]
	check.crcs = true
	client.dns.lookup = use_all_dns_ips
	client.id = consumer-test-consumer-group-1
	client.rack = 
	connections.max.idle.ms = 540000
	default.api.timeout.ms = 60000
	enable.auto.commit = true
	exclude.internal.topics = true
	fetch.max.bytes = 52428800
	fetch.max.wait.ms = 500
	fetch.min.bytes = 1
	group.id = test-consumer-group
	group.instance.id = null
	heartbeat.interval.ms = 3000
	interceptor.classes = []
	internal.leave.group.on.close = true
	internal.throw.on.fetch.stable.offset.unsupported = false
	isolation.level = read_uncommitted
	key.deserializer = class org.apache.kafka.common.serialization.StringDeserializer
	max.partition.fetch.bytes = 1048576
	max.poll.interval.ms = 300000
	max.poll.records = 500
	metadata.max.age.ms = 300000
	metric.reporters = []
	metrics.num.samples = 2
	metrics.recording.level = INFO
	metrics.sample.window.ms = 30000
	partition.assignment.strategy = [class org.apache.kafka.clients.consumer.RangeAssignor, class org.apache.kafka.clients.consumer.CooperativeStickyAssignor]
	receive.buffer.bytes = 65536
	reconnect.backoff.max.ms = 1000
	reconnect.backoff.ms = 50
	request.timeout.ms = 30000
	retry.backoff.ms = 100
	sasl.client.callback.handler.class = null
	sasl.jaas.config = null
	sasl.kerberos.kinit.cmd = /usr/bin/kinit
	sasl.kerberos.min.time.before.relogin = 60000
	sasl.kerberos.service.name = null
	sasl.kerberos.ticket.renew.jitter = 0.05
	sasl.kerberos.ticket.renew.window.factor = 0.8
	sasl.login.callback.handler.class = null
	sasl.login.class = null
	sasl.login.refresh.buffer.seconds = 300
	sasl.login.refresh.min.period.seconds = 60
	sasl.login.refresh.window.factor = 0.8
	sasl.login.refresh.window.jitter = 0.05
	sasl.mechanism = GSSAPI
	security.protocol = PLAINTEXT
	security.providers = null
	send.buffer.bytes = 131072
	session.timeout.ms = 45000
	socket.connection.setup.timeout.max.ms = 30000
	socket.connection.setup.timeout.ms = 10000
	ssl.cipher.suites = null
	ssl.enabled.protocols = [TLSv1.2, TLSv1.3]
	ssl.endpoint.identification.algorithm = https
	ssl.engine.factory.class = null
	ssl.key.password = null
	ssl.keymanager.algorithm = SunX509
	ssl.keystore.certificate.chain = null
	ssl.keystore.key = null
	ssl.keystore.location = null
	ssl.keystore.password = null
	ssl.keystore.type = JKS
	ssl.protocol = TLSv1.3
	ssl.provider = null
	ssl.secure.random.implementation = null
	ssl.trustmanager.algorithm = PKIX
	ssl.truststore.certificates = null
	ssl.truststore.location = null
	ssl.truststore.password = null
	ssl.truststore.type = JKS
	value.deserializer = class org.apache.kafka.common.serialization.StringDeserializer

2022-04-17 02:35:11.570  INFO 1516 --- [main] o.a.kafka.common.utils.AppInfoParser     : Kafka version: 3.0.0
2022-04-17 02:35:11.571  INFO 1516 --- [main] o.a.kafka.common.utils.AppInfoParser     : Kafka commitId: 8cb0a5e9d3441962
2022-04-17 02:35:11.572  INFO 1516 --- [main] o.a.kafka.common.utils.AppInfoParser     : Kafka startTimeMs: 1650134111569
2022-04-17 02:35:11.579  INFO 1516 --- [main] o.a.k.clients.consumer.KafkaConsumer     : [Consumer clientId=consumer-test-consumer-group-1, groupId=test-consumer-group] Subscribed to topic(s): privaterLetter, thumbs
2022-04-17 02:35:11.602  INFO 1516 --- [main] o.s.b.w.embedded.tomcat.TomcatWebServer  : Tomcat started on port(s): 8080 (http) with context path '/blogWebsite'
2022-04-17 02:35:11.611  INFO 1516 --- [main] c.blogswebsite.BlogswebsiteApplication   : Started BlogswebsiteApplication in 6.956 seconds (JVM running for 7.383)
2022-04-17 02:35:22.733  WARN 1516 --- [org.springframework.kafka.KafkaListenerEndpointContainer#0-0-C-1] org.apache.kafka.clients.NetworkClient   : [Consumer clientId=consumer-test-consumer-group-1, groupId=test-consumer-group] Bootstrap broker kafka-server:9092 (id: -1 rack: null) disconnected
2022-04-17 17:44:48.472  INFO 12000 --- [restartedMain] c.blogswebsite.BlogswebsiteApplication   : Starting BlogswebsiteApplication using Java 15.0.2 on wuxingcong with PID 12000 (D:\IDEA\blogswebsite\target\classes started by ASUS in D:\IDEA\blogswebsite)
2022-04-17 17:44:48.473  INFO 12000 --- [restartedMain] c.blogswebsite.BlogswebsiteApplication   : No active profile set, falling back to 1 default profile: "default"
2022-04-17 17:44:48.505  INFO 12000 --- [restartedMain] o.s.b.devtools.restart.ChangeableUrls    : The Class-Path manifest attribute in D:\software\Maven\repository\com\sun\xml\bind\jaxb-impl\2.3.0\jaxb-impl-2.3.0.jar referenced one or more files that do not exist: file:/D:/software/Maven/repository/com/sun/xml/bind/jaxb-impl/2.3.0/jaxb-core.jar
2022-04-17 17:44:48.506  INFO 12000 --- [restartedMain] o.s.b.devtools.restart.ChangeableUrls    : The Class-Path manifest attribute in D:\software\Maven\repository\com\sun\xml\bind\jaxb-core\2.3.0\jaxb-core-2.3.0.jar referenced one or more files that do not exist: file:/D:/software/Maven/repository/com/sun/xml/bind/jaxb-core/2.3.0/jaxb-api.jar
2022-04-17 17:44:48.506  INFO 12000 --- [restartedMain] .e.DevToolsPropertyDefaultsPostProcessor : Devtools property defaults active! Set 'spring.devtools.add-properties' to 'false' to disable
2022-04-17 17:44:48.506  INFO 12000 --- [restartedMain] .e.DevToolsPropertyDefaultsPostProcessor : For additional web related logging consider setting the 'logging.level.web' property to 'DEBUG'
2022-04-17 17:44:49.108  INFO 12000 --- [restartedMain] .s.d.r.c.RepositoryConfigurationDelegate : Multiple Spring Data modules found, entering strict repository configuration mode!
2022-04-17 17:44:49.110  INFO 12000 --- [restartedMain] .s.d.r.c.RepositoryConfigurationDelegate : Bootstrapping Spring Data Elasticsearch repositories in DEFAULT mode.
2022-04-17 17:44:49.120  INFO 12000 --- [restartedMain] .s.d.r.c.RepositoryConfigurationDelegate : Finished Spring Data repository scanning in 5 ms. Found 0 Elasticsearch repository interfaces.
2022-04-17 17:44:49.122  INFO 12000 --- [restartedMain] .s.d.r.c.RepositoryConfigurationDelegate : Multiple Spring Data modules found, entering strict repository configuration mode!
2022-04-17 17:44:49.123  INFO 12000 --- [restartedMain] .s.d.r.c.RepositoryConfigurationDelegate : Bootstrapping Spring Data Reactive Elasticsearch repositories in DEFAULT mode.
2022-04-17 17:44:49.126  INFO 12000 --- [restartedMain] .s.d.r.c.RepositoryConfigurationDelegate : Finished Spring Data repository scanning in 2 ms. Found 0 Reactive Elasticsearch repository interfaces.
2022-04-17 17:44:49.135  INFO 12000 --- [restartedMain] .s.d.r.c.RepositoryConfigurationDelegate : Multiple Spring Data modules found, entering strict repository configuration mode!
2022-04-17 17:44:49.136  INFO 12000 --- [restartedMain] .s.d.r.c.RepositoryConfigurationDelegate : Bootstrapping Spring Data Redis repositories in DEFAULT mode.
2022-04-17 17:44:49.145  INFO 12000 --- [restartedMain] .s.d.r.c.RepositoryConfigurationDelegate : Finished Spring Data repository scanning in 2 ms. Found 0 Redis repository interfaces.
2022-04-17 17:44:49.658  INFO 12000 --- [restartedMain] o.s.b.w.embedded.tomcat.TomcatWebServer  : Tomcat initialized with port(s): 8080 (http)
2022-04-17 17:44:49.666  INFO 12000 --- [restartedMain] o.apache.catalina.core.StandardService   : Starting service [Tomcat]
2022-04-17 17:44:49.666  INFO 12000 --- [restartedMain] org.apache.catalina.core.StandardEngine  : Starting Servlet engine: [Apache Tomcat/9.0.58]
2022-04-17 17:44:49.727  INFO 12000 --- [restartedMain] o.a.c.c.C.[.[localhost].[/blogWebsite]   : Initializing Spring embedded WebApplicationContext
2022-04-17 17:44:49.727  INFO 12000 --- [restartedMain] w.s.c.ServletWebServerApplicationContext : Root WebApplicationContext: initialization completed in 1221 ms
2022-04-17 17:44:51.074  INFO 12000 --- [restartedMain] o.s.b.d.a.OptionalLiveReloadServer       : LiveReload server is running on port 35729
2022-04-17 17:44:51.143  INFO 12000 --- [restartedMain] o.a.k.clients.consumer.ConsumerConfig    : ConsumerConfig values: 
	allow.auto.create.topics = true
	auto.commit.interval.ms = 3000
	auto.offset.reset = latest
	bootstrap.servers = [localhost:9092]
	check.crcs = true
	client.dns.lookup = use_all_dns_ips
	client.id = consumer-test-consumer-group-1
	client.rack = 
	connections.max.idle.ms = 540000
	default.api.timeout.ms = 60000
	enable.auto.commit = true
	exclude.internal.topics = true
	fetch.max.bytes = 52428800
	fetch.max.wait.ms = 500
	fetch.min.bytes = 1
	group.id = test-consumer-group
	group.instance.id = null
	heartbeat.interval.ms = 3000
	interceptor.classes = []
	internal.leave.group.on.close = true
	internal.throw.on.fetch.stable.offset.unsupported = false
	isolation.level = read_uncommitted
	key.deserializer = class org.apache.kafka.common.serialization.StringDeserializer
	max.partition.fetch.bytes = 1048576
	max.poll.interval.ms = 300000
	max.poll.records = 500
	metadata.max.age.ms = 300000
	metric.reporters = []
	metrics.num.samples = 2
	metrics.recording.level = INFO
	metrics.sample.window.ms = 30000
	partition.assignment.strategy = [class org.apache.kafka.clients.consumer.RangeAssignor, class org.apache.kafka.clients.consumer.CooperativeStickyAssignor]
	receive.buffer.bytes = 65536
	reconnect.backoff.max.ms = 1000
	reconnect.backoff.ms = 50
	request.timeout.ms = 30000
	retry.backoff.ms = 100
	sasl.client.callback.handler.class = null
	sasl.jaas.config = null
	sasl.kerberos.kinit.cmd = /usr/bin/kinit
	sasl.kerberos.min.time.before.relogin = 60000
	sasl.kerberos.service.name = null
	sasl.kerberos.ticket.renew.jitter = 0.05
	sasl.kerberos.ticket.renew.window.factor = 0.8
	sasl.login.callback.handler.class = null
	sasl.login.class = null
	sasl.login.refresh.buffer.seconds = 300
	sasl.login.refresh.min.period.seconds = 60
	sasl.login.refresh.window.factor = 0.8
	sasl.login.refresh.window.jitter = 0.05
	sasl.mechanism = GSSAPI
	security.protocol = PLAINTEXT
	security.providers = null
	send.buffer.bytes = 131072
	session.timeout.ms = 45000
	socket.connection.setup.timeout.max.ms = 30000
	socket.connection.setup.timeout.ms = 10000
	ssl.cipher.suites = null
	ssl.enabled.protocols = [TLSv1.2, TLSv1.3]
	ssl.endpoint.identification.algorithm = https
	ssl.engine.factory.class = null
	ssl.key.password = null
	ssl.keymanager.algorithm = SunX509
	ssl.keystore.certificate.chain = null
	ssl.keystore.key = null
	ssl.keystore.location = null
	ssl.keystore.password = null
	ssl.keystore.type = JKS
	ssl.protocol = TLSv1.3
	ssl.provider = null
	ssl.secure.random.implementation = null
	ssl.trustmanager.algorithm = PKIX
	ssl.truststore.certificates = null
	ssl.truststore.location = null
	ssl.truststore.password = null
	ssl.truststore.type = JKS
	value.deserializer = class org.apache.kafka.common.serialization.StringDeserializer

2022-04-17 17:44:51.198  INFO 12000 --- [restartedMain] o.a.kafka.common.utils.AppInfoParser     : Kafka version: 3.0.0
2022-04-17 17:44:51.198  INFO 12000 --- [restartedMain] o.a.kafka.common.utils.AppInfoParser     : Kafka commitId: 8cb0a5e9d3441962
2022-04-17 17:44:51.198  INFO 12000 --- [restartedMain] o.a.kafka.common.utils.AppInfoParser     : Kafka startTimeMs: 1650188691196
2022-04-17 17:44:51.200  INFO 12000 --- [restartedMain] o.a.k.clients.consumer.KafkaConsumer     : [Consumer clientId=consumer-test-consumer-group-1, groupId=test-consumer-group] Subscribed to topic(s): privaterLetter, thumbs
2022-04-17 17:44:51.214  INFO 12000 --- [restartedMain] o.s.b.w.embedded.tomcat.TomcatWebServer  : Tomcat started on port(s): 8080 (http) with context path '/blogWebsite'
2022-04-17 17:44:51.223  INFO 12000 --- [restartedMain] c.blogswebsite.BlogswebsiteApplication   : Started BlogswebsiteApplication in 3.139 seconds (JVM running for 3.95)
2022-04-17 17:44:51.481  INFO 12000 --- [org.springframework.kafka.KafkaListenerEndpointContainer#0-0-C-1] org.apache.kafka.clients.Metadata        : [Consumer clientId=consumer-test-consumer-group-1, groupId=test-consumer-group] Cluster ID: HdTpj2iQSzqEiZh_nThIzw
2022-04-17 17:44:51.482  INFO 12000 --- [org.springframework.kafka.KafkaListenerEndpointContainer#0-0-C-1] o.a.k.c.c.internals.ConsumerCoordinator  : [Consumer clientId=consumer-test-consumer-group-1, groupId=test-consumer-group] Discovered group coordinator wuxingcong:9092 (id: 2147483647 rack: null)
2022-04-17 17:44:51.484  INFO 12000 --- [org.springframework.kafka.KafkaListenerEndpointContainer#0-0-C-1] o.a.k.c.c.internals.ConsumerCoordinator  : [Consumer clientId=consumer-test-consumer-group-1, groupId=test-consumer-group] (Re-)joining group
2022-04-17 17:44:51.505  INFO 12000 --- [org.springframework.kafka.KafkaListenerEndpointContainer#0-0-C-1] o.a.k.c.c.internals.ConsumerCoordinator  : [Consumer clientId=consumer-test-consumer-group-1, groupId=test-consumer-group] Request joining group due to: need to re-join with the given member-id
2022-04-17 17:44:51.506  INFO 12000 --- [org.springframework.kafka.KafkaListenerEndpointContainer#0-0-C-1] o.a.k.c.c.internals.ConsumerCoordinator  : [Consumer clientId=consumer-test-consumer-group-1, groupId=test-consumer-group] (Re-)joining group
2022-04-17 17:44:51.517  INFO 12000 --- [org.springframework.kafka.KafkaListenerEndpointContainer#0-0-C-1] o.a.k.c.c.internals.ConsumerCoordinator  : [Consumer clientId=consumer-test-consumer-group-1, groupId=test-consumer-group] Successfully joined group with generation Generation{generationId=24, memberId='consumer-test-consumer-group-1-958092bc-52f8-42df-b5c5-7b6f8fa86ad7', protocol='range'}
2022-04-17 17:44:51.519  INFO 12000 --- [org.springframework.kafka.KafkaListenerEndpointContainer#0-0-C-1] o.a.k.c.c.internals.ConsumerCoordinator  : [Consumer clientId=consumer-test-consumer-group-1, groupId=test-consumer-group] Finished assignment for group at generation 24: {consumer-test-consumer-group-1-958092bc-52f8-42df-b5c5-7b6f8fa86ad7=Assignment(partitions=[privaterLetter-0, thumbs-0])}
2022-04-17 17:44:51.561  INFO 12000 --- [org.springframework.kafka.KafkaListenerEndpointContainer#0-0-C-1] o.a.k.c.c.internals.ConsumerCoordinator  : [Consumer clientId=consumer-test-consumer-group-1, groupId=test-consumer-group] Successfully synced group in generation Generation{generationId=24, memberId='consumer-test-consumer-group-1-958092bc-52f8-42df-b5c5-7b6f8fa86ad7', protocol='range'}
2022-04-17 17:44:51.562  INFO 12000 --- [org.springframework.kafka.KafkaListenerEndpointContainer#0-0-C-1] o.a.k.c.c.internals.ConsumerCoordinator  : [Consumer clientId=consumer-test-consumer-group-1, groupId=test-consumer-group] Notifying assignor about the new Assignment(partitions=[privaterLetter-0, thumbs-0])
2022-04-17 17:44:51.564  INFO 12000 --- [org.springframework.kafka.KafkaListenerEndpointContainer#0-0-C-1] o.a.k.c.c.internals.ConsumerCoordinator  : [Consumer clientId=consumer-test-consumer-group-1, groupId=test-consumer-group] Adding newly assigned partitions: privaterLetter-0, thumbs-0
2022-04-17 17:44:51.579  INFO 12000 --- [org.springframework.kafka.KafkaListenerEndpointContainer#0-0-C-1] o.a.k.c.c.internals.ConsumerCoordinator  : [Consumer clientId=consumer-test-consumer-group-1, groupId=test-consumer-group] Setting offset for partition thumbs-0 to the committed offset FetchPosition{offset=1, offsetEpoch=Optional[0], currentLeader=LeaderAndEpoch{leader=Optional[wuxingcong:9092 (id: 0 rack: null)], epoch=0}}
2022-04-17 17:44:51.579  INFO 12000 --- [org.springframework.kafka.KafkaListenerEndpointContainer#0-0-C-1] o.a.k.c.c.internals.ConsumerCoordinator  : [Consumer clientId=consumer-test-consumer-group-1, groupId=test-consumer-group] Setting offset for partition privaterLetter-0 to the committed offset FetchPosition{offset=0, offsetEpoch=Optional.empty, currentLeader=LeaderAndEpoch{leader=Optional[wuxingcong:9092 (id: 0 rack: null)], epoch=0}}
2022-04-17 17:44:51.592  INFO 12000 --- [org.springframework.kafka.KafkaListenerEndpointContainer#0-0-C-1] o.s.k.l.KafkaMessageListenerContainer    : test-consumer-group: partitions assigned: [privaterLetter-0, thumbs-0]
